{"level":"error","message":"Error in user registration: Cannot read properties of undefined (reading 'constructor')","stack":"TypeError: Cannot read properties of undefined (reading 'constructor')\n    at Function.findOne (/Users/apple/Desktop/task-management-api/node_modules/sequelize/src/model.js:1977:61)\n    at register (/Users/apple/Desktop/task-management-api/build/controllers/userController.js:19:55)\n    at Layer.handle [as handle_request] (/Users/apple/Desktop/task-management-api/node_modules/express/lib/router/layer.js:95:5)\n    at next (/Users/apple/Desktop/task-management-api/node_modules/express/lib/router/route.js:149:13)\n    at middleware (/Users/apple/Desktop/task-management-api/node_modules/express-validator/lib/middlewares/check.js:16:13)\n    at processTicksAndRejections (node:internal/process/task_queues:95:5)","timestamp":"2025-02-19T11:58:39.676Z"}
{"level":"info","message":"Notification sent to test@example.com","timestamp":"2025-02-19T11:58:40.607Z"}
{"level":"error","message":"Error in user registration: Cannot read properties of undefined (reading 'constructor')","stack":"TypeError: Cannot read properties of undefined (reading 'constructor')\n    at Function.findOne (/Users/apple/Desktop/task-management-api/node_modules/sequelize/src/model.js:1977:61)\n    at register (/Users/apple/Desktop/task-management-api/src/controllers/userController.ts:17:39)\n    at Layer.handle [as handle_request] (/Users/apple/Desktop/task-management-api/node_modules/express/lib/router/layer.js:95:5)\n    at next (/Users/apple/Desktop/task-management-api/node_modules/express/lib/router/route.js:149:13)\n    at middleware (/Users/apple/Desktop/task-management-api/node_modules/express-validator/lib/middlewares/check.js:16:13)\n    at processTicksAndRejections (node:internal/process/task_queues:95:5)","timestamp":"2025-02-19T11:58:41.147Z"}
{"level":"error","message":"Error in user registration: Cannot read properties of undefined (reading 'constructor')","stack":"TypeError: Cannot read properties of undefined (reading 'constructor')\n    at Function.findOne (/Users/apple/Desktop/task-management-api/node_modules/sequelize/src/model.js:1977:61)\n    at register (/Users/apple/Desktop/task-management-api/src/controllers/userController.ts:23:43)\n    at Layer.handle [as handle_request] (/Users/apple/Desktop/task-management-api/node_modules/express/lib/router/layer.js:95:5)\n    at next (/Users/apple/Desktop/task-management-api/node_modules/express/lib/router/route.js:149:13)\n    at middleware (/Users/apple/Desktop/task-management-api/node_modules/express-validator/lib/middlewares/check.js:16:13)\n    at processTicksAndRejections (node:internal/process/task_queues:95:5)","timestamp":"2025-02-19T14:18:55.948Z"}
{"level":"error","message":"Error in user registration: Cannot read properties of undefined (reading 'constructor')","stack":"TypeError: Cannot read properties of undefined (reading 'constructor')\n    at Function.findOne (/Users/apple/Desktop/task-management-api/node_modules/sequelize/src/model.js:1977:61)\n    at register (/Users/apple/Desktop/task-management-api/src/controllers/userController.ts:22:37)\n    at Layer.handle [as handle_request] (/Users/apple/Desktop/task-management-api/node_modules/express/lib/router/layer.js:95:5)\n    at next (/Users/apple/Desktop/task-management-api/node_modules/express/lib/router/route.js:149:13)\n    at middleware (/Users/apple/Desktop/task-management-api/node_modules/express-validator/lib/middlewares/check.js:16:13)\n    at processTicksAndRejections (node:internal/process/task_queues:95:5)","timestamp":"2025-02-19T14:28:24.487Z"}
{"level":"error","message":"Error in user registration: Cannot read properties of undefined (reading 'constructor')","stack":"TypeError: Cannot read properties of undefined (reading 'constructor')\n    at Function.findOne (/Users/apple/Desktop/task-management-api/node_modules/sequelize/src/model.js:1977:61)\n    at register (/Users/apple/Desktop/task-management-api/src/controllers/userController.ts:22:37)\n    at Layer.handle [as handle_request] (/Users/apple/Desktop/task-management-api/node_modules/express/lib/router/layer.js:95:5)\n    at next (/Users/apple/Desktop/task-management-api/node_modules/express/lib/router/route.js:149:13)\n    at middleware (/Users/apple/Desktop/task-management-api/node_modules/express-validator/lib/middlewares/check.js:16:13)\n    at processTicksAndRejections (node:internal/process/task_queues:95:5)","timestamp":"2025-02-19T14:48:04.968Z"}
{"level":"error","message":"Error in user registration: Cannot read properties of undefined (reading 'constructor')","stack":"TypeError: Cannot read properties of undefined (reading 'constructor')\n    at Function.findOne (/Users/apple/Desktop/task-management-api/node_modules/sequelize/src/model.js:1977:61)\n    at register (/Users/apple/Desktop/task-management-api/src/controllers/userController.ts:22:37)\n    at Layer.handle [as handle_request] (/Users/apple/Desktop/task-management-api/node_modules/express/lib/router/layer.js:95:5)\n    at next (/Users/apple/Desktop/task-management-api/node_modules/express/lib/router/route.js:149:13)\n    at middleware (/Users/apple/Desktop/task-management-api/node_modules/express-validator/lib/middlewares/check.js:16:13)\n    at processTicksAndRejections (node:internal/process/task_queues:95:5)","timestamp":"2025-02-19T14:56:18.953Z"}
{"level":"error","message":"Error in user registration: Cannot read properties of undefined (reading 'constructor')","stack":"TypeError: Cannot read properties of undefined (reading 'constructor')\n    at Function.findOne (/Users/apple/Desktop/task-management-api/node_modules/sequelize/src/model.js:1977:61)\n    at register (/Users/apple/Desktop/task-management-api/src/controllers/userController.ts:22:37)\n    at Layer.handle [as handle_request] (/Users/apple/Desktop/task-management-api/node_modules/express/lib/router/layer.js:95:5)\n    at next (/Users/apple/Desktop/task-management-api/node_modules/express/lib/router/route.js:149:13)\n    at middleware (/Users/apple/Desktop/task-management-api/node_modules/express-validator/lib/middlewares/check.js:16:13)\n    at processTicksAndRejections (node:internal/process/task_queues:95:5)","timestamp":"2025-02-19T15:00:28.139Z"}
{"level":"error","message":"Error in user registration: Cannot read properties of undefined (reading 'constructor')","stack":"TypeError: Cannot read properties of undefined (reading 'constructor')\n    at Function.findOne (/Users/apple/Desktop/task-management-api/node_modules/sequelize/src/model.js:1977:61)\n    at register (/Users/apple/Desktop/task-management-api/src/controllers/userController.ts:22:37)\n    at Layer.handle [as handle_request] (/Users/apple/Desktop/task-management-api/node_modules/express/lib/router/layer.js:95:5)\n    at next (/Users/apple/Desktop/task-management-api/node_modules/express/lib/router/route.js:149:13)\n    at middleware (/Users/apple/Desktop/task-management-api/node_modules/express-validator/lib/middlewares/check.js:16:13)\n    at processTicksAndRejections (node:internal/process/task_queues:95:5)","timestamp":"2025-02-19T15:11:27.687Z"}
{"level":"error","message":"Error in user registration: Cannot read properties of undefined (reading 'constructor')","stack":"TypeError: Cannot read properties of undefined (reading 'constructor')\n    at Function.findOne (/Users/apple/Desktop/task-management-api/node_modules/sequelize/src/model.js:1977:61)\n    at register (/Users/apple/Desktop/task-management-api/src/controllers/userController.ts:22:37)\n    at Layer.handle [as handle_request] (/Users/apple/Desktop/task-management-api/node_modules/express/lib/router/layer.js:95:5)\n    at next (/Users/apple/Desktop/task-management-api/node_modules/express/lib/router/route.js:149:13)\n    at middleware (/Users/apple/Desktop/task-management-api/node_modules/express-validator/lib/middlewares/check.js:16:13)\n    at processTicksAndRejections (node:internal/process/task_queues:95:5)","timestamp":"2025-02-19T15:12:21.635Z"}
{"level":"error","message":"Error in user registration: Cannot read properties of undefined (reading 'constructor')","stack":"TypeError: Cannot read properties of undefined (reading 'constructor')\n    at User.findOne (/Users/apple/Desktop/task-management-api/node_modules/sequelize/lib/model.js:1228:58)\n    at register (/Users/apple/Desktop/task-management-api/build/controllers/userController.js:22:51)\n    at Layer.handle [as handle_request] (/Users/apple/Desktop/task-management-api/node_modules/express/lib/router/layer.js:95:5)\n    at next (/Users/apple/Desktop/task-management-api/node_modules/express/lib/router/route.js:149:13)\n    at middleware (/Users/apple/Desktop/task-management-api/node_modules/express-validator/lib/middlewares/check.js:16:13)\n    at process.processTicksAndRejections (node:internal/process/task_queues:95:5)","timestamp":"2025-02-19T15:13:42.370Z"}
{"level":"error","message":"Error in user registration: Cannot read properties of undefined (reading 'constructor')","stack":"TypeError: Cannot read properties of undefined (reading 'constructor')\n    at User.findOne (/Users/apple/Desktop/task-management-api/node_modules/sequelize/lib/model.js:1228:58)\n    at register (/Users/apple/Desktop/task-management-api/build/controllers/userController.js:22:51)\n    at Layer.handle [as handle_request] (/Users/apple/Desktop/task-management-api/node_modules/express/lib/router/layer.js:95:5)\n    at next (/Users/apple/Desktop/task-management-api/node_modules/express/lib/router/route.js:149:13)\n    at middleware (/Users/apple/Desktop/task-management-api/node_modules/express-validator/lib/middlewares/check.js:16:13)\n    at process.processTicksAndRejections (node:internal/process/task_queues:95:5)","timestamp":"2025-02-19T15:14:08.510Z"}
{"level":"error","message":"Error in user registration: Cannot read properties of undefined (reading 'constructor')","stack":"TypeError: Cannot read properties of undefined (reading 'constructor')\n    at User.findOne (/Users/apple/Desktop/task-management-api/node_modules/sequelize/lib/model.js:1228:58)\n    at register (/Users/apple/Desktop/task-management-api/build/controllers/userController.js:22:51)\n    at Layer.handle [as handle_request] (/Users/apple/Desktop/task-management-api/node_modules/express/lib/router/layer.js:95:5)\n    at next (/Users/apple/Desktop/task-management-api/node_modules/express/lib/router/route.js:149:13)\n    at middleware (/Users/apple/Desktop/task-management-api/node_modules/express-validator/lib/middlewares/check.js:16:13)\n    at process.processTicksAndRejections (node:internal/process/task_queues:95:5)","timestamp":"2025-02-19T15:14:11.206Z"}
{"level":"error","message":"Error in user registration: Cannot read properties of undefined (reading 'constructor')","stack":"TypeError: Cannot read properties of undefined (reading 'constructor')\n    at User.findOne (/Users/apple/Desktop/task-management-api/node_modules/sequelize/lib/model.js:1228:58)\n    at register (/Users/apple/Desktop/task-management-api/build/controllers/userController.js:22:51)\n    at Layer.handle [as handle_request] (/Users/apple/Desktop/task-management-api/node_modules/express/lib/router/layer.js:95:5)\n    at next (/Users/apple/Desktop/task-management-api/node_modules/express/lib/router/route.js:149:13)\n    at middleware (/Users/apple/Desktop/task-management-api/node_modules/express-validator/lib/middlewares/check.js:16:13)\n    at process.processTicksAndRejections (node:internal/process/task_queues:95:5)","timestamp":"2025-02-19T15:15:16.970Z"}
{"level":"error","message":"Error in user registration: Cannot read properties of undefined (reading 'constructor')","stack":"TypeError: Cannot read properties of undefined (reading 'constructor')\n    at User.findOne (/Users/apple/Desktop/task-management-api/node_modules/sequelize/lib/model.js:1228:58)\n    at register (/Users/apple/Desktop/task-management-api/build/controllers/userController.js:22:51)\n    at Layer.handle [as handle_request] (/Users/apple/Desktop/task-management-api/node_modules/express/lib/router/layer.js:95:5)\n    at next (/Users/apple/Desktop/task-management-api/node_modules/express/lib/router/route.js:149:13)\n    at middleware (/Users/apple/Desktop/task-management-api/node_modules/express-validator/lib/middlewares/check.js:16:13)\n    at process.processTicksAndRejections (node:internal/process/task_queues:95:5)","timestamp":"2025-02-19T15:15:28.132Z"}
{"level":"error","message":"Error in user registration: Cannot read properties of undefined (reading 'constructor')","stack":"TypeError: Cannot read properties of undefined (reading 'constructor')\n    at User.findOne (/Users/apple/Desktop/task-management-api/node_modules/sequelize/lib/model.js:1228:58)\n    at register (/Users/apple/Desktop/task-management-api/build/controllers/userController.js:22:51)\n    at Layer.handle [as handle_request] (/Users/apple/Desktop/task-management-api/node_modules/express/lib/router/layer.js:95:5)\n    at next (/Users/apple/Desktop/task-management-api/node_modules/express/lib/router/route.js:149:13)\n    at middleware (/Users/apple/Desktop/task-management-api/node_modules/express-validator/lib/middlewares/check.js:16:13)\n    at process.processTicksAndRejections (node:internal/process/task_queues:95:5)","timestamp":"2025-02-19T15:16:22.212Z"}
{"level":"error","message":"Error in user registration: Cannot read properties of undefined (reading 'constructor')","stack":"TypeError: Cannot read properties of undefined (reading 'constructor')\n    at User.findOne (/Users/apple/Desktop/task-management-api/node_modules/sequelize/lib/model.js:1228:58)\n    at register (/Users/apple/Desktop/task-management-api/build/controllers/userController.js:22:51)\n    at Layer.handle [as handle_request] (/Users/apple/Desktop/task-management-api/node_modules/express/lib/router/layer.js:95:5)\n    at next (/Users/apple/Desktop/task-management-api/node_modules/express/lib/router/route.js:149:13)\n    at middleware (/Users/apple/Desktop/task-management-api/node_modules/express-validator/lib/middlewares/check.js:16:13)\n    at process.processTicksAndRejections (node:internal/process/task_queues:95:5)","timestamp":"2025-02-19T15:17:17.956Z"}
{"level":"error","message":"Error in user registration: Cannot read properties of undefined (reading 'constructor')","stack":"TypeError: Cannot read properties of undefined (reading 'constructor')\n    at User.findOne (/Users/apple/Desktop/task-management-api/node_modules/sequelize/lib/model.js:1228:58)\n    at register (/Users/apple/Desktop/task-management-api/build/controllers/userController.js:22:51)\n    at Layer.handle [as handle_request] (/Users/apple/Desktop/task-management-api/node_modules/express/lib/router/layer.js:95:5)\n    at next (/Users/apple/Desktop/task-management-api/node_modules/express/lib/router/route.js:149:13)\n    at middleware (/Users/apple/Desktop/task-management-api/node_modules/express-validator/lib/middlewares/check.js:16:13)\n    at process.processTicksAndRejections (node:internal/process/task_queues:95:5)","timestamp":"2025-02-19T15:17:50.700Z"}
{"level":"error","message":"Error in user registration: Cannot read properties of undefined (reading 'constructor')","stack":"TypeError: Cannot read properties of undefined (reading 'constructor')\n    at Function.findOne (/Users/apple/Desktop/task-management-api/node_modules/sequelize/src/model.js:1977:61)\n    at register (/Users/apple/Desktop/task-management-api/src/controllers/userController.ts:23:37)\n    at Layer.handle [as handle_request] (/Users/apple/Desktop/task-management-api/node_modules/express/lib/router/layer.js:95:5)\n    at next (/Users/apple/Desktop/task-management-api/node_modules/express/lib/router/route.js:149:13)\n    at middleware (/Users/apple/Desktop/task-management-api/node_modules/express-validator/lib/middlewares/check.js:16:13)\n    at processTicksAndRejections (node:internal/process/task_queues:95:5)","timestamp":"2025-02-19T15:19:55.165Z"}
{"level":"error","message":"Error in user registration: Cannot read properties of undefined (reading 'constructor')","stack":"TypeError: Cannot read properties of undefined (reading 'constructor')\n    at Function.findOne (/Users/apple/Desktop/task-management-api/node_modules/sequelize/src/model.js:1977:61)\n    at register (/Users/apple/Desktop/task-management-api/src/controllers/userController.ts:23:37)\n    at Layer.handle [as handle_request] (/Users/apple/Desktop/task-management-api/node_modules/express/lib/router/layer.js:95:5)\n    at next (/Users/apple/Desktop/task-management-api/node_modules/express/lib/router/route.js:149:13)\n    at middleware (/Users/apple/Desktop/task-management-api/node_modules/express-validator/lib/middlewares/check.js:16:13)\n    at processTicksAndRejections (node:internal/process/task_queues:95:5)","timestamp":"2025-02-19T15:20:20.924Z"}
{"level":"info","message":"New USER registered: 1","timestamp":"2025-02-19T15:29:10.119Z"}
{"level":"info","message":"User logged in: 1","timestamp":"2025-02-19T15:32:55.415Z"}
{"level":"info","message":"User logged in: 1","timestamp":"2025-02-19T15:33:39.952Z"}
{"level":"info","message":"User logged in: 1","timestamp":"2025-02-19T15:34:27.189Z"}
{"address":"::1","code":"ESOCKET","command":"CONN","errno":-61,"level":"error","message":"Error sending notification: connect ECONNREFUSED ::1:587","port":587,"stack":"Error: connect ECONNREFUSED ::1:587\n    at TCPConnectWrap.afterConnect [as oncomplete] (node:net:1606:16)","syscall":"connect","timestamp":"2025-02-19T15:43:54.358Z"}
{"address":"::1","code":"ESOCKET","command":"CONN","errno":-61,"level":"error","message":"Error in task creation: connect ECONNREFUSED ::1:587","port":587,"stack":"Error: connect ECONNREFUSED ::1:587\n    at TCPConnectWrap.afterConnect [as oncomplete] (node:net:1606:16)","syscall":"connect","timestamp":"2025-02-19T15:43:54.362Z"}
{"address":"::1","code":"ESOCKET","command":"CONN","errno":-61,"level":"error","message":"Error sending notification: connect ECONNREFUSED ::1:587","port":587,"stack":"Error: connect ECONNREFUSED ::1:587\n    at TCPConnectWrap.afterConnect [as oncomplete] (node:net:1606:16)","syscall":"connect","timestamp":"2025-02-19T15:46:34.381Z"}
{"address":"::1","code":"ESOCKET","command":"CONN","errno":-61,"level":"error","message":"Error in task creation: connect ECONNREFUSED ::1:587","port":587,"stack":"Error: connect ECONNREFUSED ::1:587\n    at TCPConnectWrap.afterConnect [as oncomplete] (node:net:1606:16)","syscall":"connect","timestamp":"2025-02-19T15:46:34.385Z"}
{"level":"info","message":"Email notifications are disabled","timestamp":"2025-02-19T15:54:23.891Z"}
{"level":"info","message":"New task created: 3 by user: 1","timestamp":"2025-02-19T15:54:23.894Z"}
{"level":"info","message":"Email notifications are disabled","timestamp":"2025-02-19T15:56:51.158Z"}
{"level":"info","message":"New task created: 4 by user: 1","timestamp":"2025-02-19T15:56:51.161Z"}
{"level":"info","message":"Email notifications are disabled","timestamp":"2025-02-19T15:56:55.687Z"}
{"level":"info","message":"New task created: 5 by user: 1","timestamp":"2025-02-19T15:56:55.687Z"}
{"level":"info","message":"Email notifications are disabled","timestamp":"2025-02-19T15:57:52.637Z"}
{"level":"info","message":"New task created: 6 by user: 1","timestamp":"2025-02-19T15:57:52.640Z"}
{"level":"info","message":"Email notifications are disabled","timestamp":"2025-02-19T15:58:37.726Z"}
{"level":"info","message":"New task created: 7 by user: 1","timestamp":"2025-02-19T15:58:37.731Z"}
{"level":"info","message":"Email notifications are disabled","timestamp":"2025-02-20T04:07:48.343Z"}
{"level":"info","message":"Task updated: 5 by user: 1","timestamp":"2025-02-20T04:07:48.348Z"}
{"level":"info","message":"New USER registered: 2","timestamp":"2025-02-20T04:11:13.390Z"}
{"level":"info","message":"New USER registered: 3","timestamp":"2025-02-20T04:12:20.560Z"}
{"level":"info","message":"New ADMIN registered: 4","timestamp":"2025-02-20T04:13:30.914Z"}
{"level":"info","message":"Email notifications are disabled","timestamp":"2025-02-20T04:15:27.448Z"}
{"level":"info","message":"Task updated: 5 by user: 1","timestamp":"2025-02-20T04:15:27.449Z"}
{"level":"info","message":"Task updated: 1 by user: 1","timestamp":"2025-02-20T04:16:24.331Z"}
{"level":"info","message":"Email notifications are disabled","timestamp":"2025-02-20T04:16:24.640Z"}
{"level":"info","message":"User logged in: 4","timestamp":"2025-02-20T04:31:42.226Z"}
{"code":"EDNS","command":"CONN","hostname":"\"smtp.gmail.com\",","level":"error","message":"Error sending notification: queryA EBADNAME \"smtp.gmail.com\",","stack":"Error: queryA EBADNAME \"smtp.gmail.com\",\n    at QueryReqWrap.onresolve [as oncomplete] (node:internal/dns/callback_resolver:45:19)","syscall":"queryA","timestamp":"2025-02-20T04:32:04.360Z"}
{"level":"warn","message":"Failed to send notification for task 8 to test@example.com","timestamp":"2025-02-20T04:32:04.361Z"}
{"level":"info","message":"New task created: 8 by user: 4","timestamp":"2025-02-20T04:32:04.361Z"}
{"code":"EDNS","command":"CONN","hostname":"\"smtp.gmail.com\",","level":"error","message":"Error sending notification: queryA EBADNAME \"smtp.gmail.com\",","stack":"Error: queryA EBADNAME \"smtp.gmail.com\",\n    at QueryReqWrap.onresolve [as oncomplete] (node:internal/dns/callback_resolver:45:19)","syscall":"queryA","timestamp":"2025-02-20T04:32:18.904Z"}
{"level":"warn","message":"Failed to send notification for task 9 to manoj@kurmato.com","timestamp":"2025-02-20T04:32:18.905Z"}
{"level":"info","message":"New task created: 9 by user: 4","timestamp":"2025-02-20T04:32:18.905Z"}
{"code":"EDNS","command":"CONN","hostname":"\"smtp.gmail.com\",","level":"error","message":"Error sending notification: queryA EBADNAME \"smtp.gmail.com\",","stack":"Error: queryA EBADNAME \"smtp.gmail.com\",\n    at QueryReqWrap.onresolve [as oncomplete] (node:internal/dns/callback_resolver:45:19)","syscall":"queryA","timestamp":"2025-02-20T04:39:37.242Z"}
{"level":"error","message":"Error in task update: Failed to send email.","stack":"Error: Failed to send email.\n    at sendNotification (/Users/apple/Desktop/task-management-api/src/utils/notifications.ts:41:11)\n    at async updateTask (/Users/apple/Desktop/task-management-api/src/controllers/taskController.ts:81:11)","timestamp":"2025-02-20T04:39:37.249Z"}
{"code":"EDNS","command":"CONN","hostname":"\"smtp.gmail.com\",","level":"error","message":"Error sending notification: queryA EBADNAME \"smtp.gmail.com\",","stack":"Error: queryA EBADNAME \"smtp.gmail.com\",\n    at QueryReqWrap.onresolve [as oncomplete] (node:internal/dns/callback_resolver:45:19)","syscall":"queryA","timestamp":"2025-02-20T04:47:23.282Z"}
{"level":"error","message":"Error in task update: Failed to send email.","stack":"Error: Failed to send email.\n    at sendNotification (/Users/apple/Desktop/task-management-api/src/utils/notifications.ts:41:11)\n    at async updateTask (/Users/apple/Desktop/task-management-api/src/controllers/taskController.ts:96:11)","timestamp":"2025-02-20T04:47:23.289Z"}
{"code":"EDNS","command":"CONN","hostname":"\"smtp.gmail.com\",","level":"error","message":"Error sending notification: queryA EBADNAME \"smtp.gmail.com\",","stack":"Error: queryA EBADNAME \"smtp.gmail.com\",\n    at QueryReqWrap.onresolve [as oncomplete] (node:internal/dns/callback_resolver:45:19)","syscall":"queryA","timestamp":"2025-02-20T04:48:10.840Z"}
{"level":"info","message":"Task updated: 5 by user: 1","timestamp":"2025-02-20T04:48:10.844Z"}
{"level":"info","message":"Notification sent successfully to manoj@kurmato.com","timestamp":"2025-02-20T04:51:07.023Z"}
{"level":"info","message":"Task updated: 5 by user: 1","timestamp":"2025-02-20T04:51:07.026Z"}
{"level":"info","message":"Notification sent successfully to manoj@kurmato.com","timestamp":"2025-02-20T04:51:58.521Z"}
{"level":"info","message":"New task created: 10 by user: 4","timestamp":"2025-02-20T04:51:58.522Z"}
{"level":"info","message":"Notification sent successfully to manoj@kurmato.com","timestamp":"2025-02-20T04:56:30.332Z"}
{"level":"info","message":"New task created: 11 by user: 4","timestamp":"2025-02-20T04:56:30.334Z"}
{"level":"info","message":"Notification sent successfully to manoj@kurmato.com","timestamp":"2025-02-20T04:59:05.124Z"}
{"level":"info","message":"New task created: 12 by user: 4","timestamp":"2025-02-20T04:59:05.127Z"}
{"level":"info","message":"Notification sent successfully to manoj@kurmato.com","timestamp":"2025-02-20T05:04:50.027Z"}
{"level":"info","message":"Task updated: 5 by user: 1","timestamp":"2025-02-20T05:04:50.029Z"}
{"code":"EDNS","command":"CONN","hostname":"\"smtp.gmail.com\",","level":"error","message":"Error sending notification: queryA EBADNAME \"smtp.gmail.com\",","stack":"Error: queryA EBADNAME \"smtp.gmail.com\",\n    at QueryReqWrap.onresolve [as oncomplete] (node:internal/dns/callback_resolver:45:19)","syscall":"queryA","timestamp":"2025-02-20T05:06:36.178Z"}
{"level":"info","message":"Notification sent successfully to test@example.com","timestamp":"2025-02-20T05:06:37.604Z"}
{"code":"EDNS","command":"CONN","hostname":"\"smtp.gmail.com\",","level":"error","message":"Error sending notification: queryA EBADNAME \"smtp.gmail.com\",","stack":"Error: queryA EBADNAME \"smtp.gmail.com\",\n    at QueryReqWrap.onresolve [as oncomplete] (node:internal/dns/callback_resolver:45:19)","syscall":"queryA","timestamp":"2025-02-20T05:09:12.674Z"}
{"level":"info","message":"New USER registered: 1","timestamp":"2025-02-20T05:09:14.039Z"}
{"level":"info","message":"Notification sent successfully to test@example.com","timestamp":"2025-02-20T05:09:14.146Z"}
{"level":"info","message":"User logged in: 2","timestamp":"2025-02-20T05:09:14.184Z"}
{"level":"info","message":"Task deleted: 5 by user: 4","timestamp":"2025-02-20T05:10:35.871Z"}
{"level":"info","message":"Task 1 status updated from PENDING to IN_PROGRESS by user 4","timestamp":"2025-02-20T07:59:36.252Z"}
{"level":"info","message":"Notification sent successfully to test@example.com","timestamp":"2025-02-20T07:59:39.308Z"}
{"level":"info","message":"User logged in: 4","timestamp":"2025-02-20T07:59:57.993Z"}
{"level":"info","message":"User logged in: 2","timestamp":"2025-02-20T08:03:30.828Z"}
{"level":"info","message":"Task 1 status updated from IN_PROGRESS to IN_PROGRESS by user 4","timestamp":"2025-02-20T08:04:04.123Z"}
{"level":"info","message":"Notification sent successfully to test@example.com","timestamp":"2025-02-20T08:04:37.198Z"}
{"level":"info","message":"Task 1 status updated from IN_PROGRESS to IN_PROGRESS by user 4","timestamp":"2025-02-20T08:06:09.898Z"}
{"level":"info","message":"Notification sent successfully to test@example.com","timestamp":"2025-02-20T08:06:43.826Z"}
{"level":"info","message":"New USER registered: 1","timestamp":"2025-02-20T08:13:45.769Z"}
{"level":"info","message":"Notification sent successfully to test@example.com","timestamp":"2025-02-20T08:13:45.888Z"}
{"level":"info","message":"User logged in: 2","timestamp":"2025-02-20T08:13:45.923Z"}
{"level":"error","message":"Error in user registration: relation \"Users\" does not exist","name":"SequelizeDatabaseError","original":{"code":"42P01","file":"parse_relation.c","length":103,"line":"1452","name":"error","parameters":["eyJhbGciOiJIUzI1NiIsInR5cCI6IkpXVCJ9.eyJpZCI6MSwiaWF0IjoxNzQwMDM5MjI2LCJleHAiOjE3NDAxMjU2MjZ9.JtPm_RAM3XP6fItwMsr2MD1GJMZrRAPG7XOwTEgxA3U","2025-02-20 08:13:46.802 +00:00",1],"position":"8","routine":"parserOpenTable","severity":"ERROR","sql":"UPDATE \"Users\" SET \"token\"=$1,\"updatedAt\"=$2 WHERE \"id\" = $3"},"parameters":["eyJhbGciOiJIUzI1NiIsInR5cCI6IkpXVCJ9.eyJpZCI6MSwiaWF0IjoxNzQwMDM5MjI2LCJleHAiOjE3NDAxMjU2MjZ9.JtPm_RAM3XP6fItwMsr2MD1GJMZrRAPG7XOwTEgxA3U","2025-02-20 08:13:46.802 +00:00",1],"parent":{"code":"42P01","file":"parse_relation.c","length":103,"line":"1452","name":"error","parameters":["eyJhbGciOiJIUzI1NiIsInR5cCI6IkpXVCJ9.eyJpZCI6MSwiaWF0IjoxNzQwMDM5MjI2LCJleHAiOjE3NDAxMjU2MjZ9.JtPm_RAM3XP6fItwMsr2MD1GJMZrRAPG7XOwTEgxA3U","2025-02-20 08:13:46.802 +00:00",1],"position":"8","routine":"parserOpenTable","severity":"ERROR","sql":"UPDATE \"Users\" SET \"token\"=$1,\"updatedAt\"=$2 WHERE \"id\" = $3"},"sql":"UPDATE \"Users\" SET \"token\"=$1,\"updatedAt\"=$2 WHERE \"id\" = $3","stack":"Error: \n    at Query.run (/Users/apple/Desktop/task-management-api/node_modules/sequelize/src/dialects/postgres/query.js:76:25)\n    at /Users/apple/Desktop/task-management-api/node_modules/sequelize/src/sequelize.js:650:28\n    at processTicksAndRejections (node:internal/process/task_queues:95:5)\n    at PostgresQueryInterface.update (/Users/apple/Desktop/task-management-api/node_modules/sequelize/src/dialects/abstract/query-interface.js:898:12)\n    at User.save (/Users/apple/Desktop/task-management-api/node_modules/sequelize/src/model.js:4154:35)\n    at register (/Users/apple/Desktop/task-management-api/src/controllers/userController.ts:39:5)","timestamp":"2025-02-20T08:13:46.830Z"}
{"level":"info","message":"User logged in: 1","timestamp":"2025-02-20T08:13:46.967Z"}
{"level":"info","message":"Task updated: 2 by user: 2","timestamp":"2025-02-20T08:13:52.071Z"}
{"level":"info","message":"Task updated: 3 by user: 3","timestamp":"2025-02-20T08:13:52.083Z"}
{"level":"info","message":"Task 6 status updated from PENDING to IN_PROGRESS by user 2","timestamp":"2025-02-20T08:13:52.107Z"}
{"level":"info","message":"Task 8 status updated from PENDING to COMPLETED by user 3","timestamp":"2025-02-20T08:13:57.121Z"}
{"level":"info","message":"Notification sent successfully to assignee@example.com","timestamp":"2025-02-20T08:14:00.900Z"}
{"level":"info","message":"Task deleted: 9 by user: 2","timestamp":"2025-02-20T08:14:00.910Z"}
{"level":"info","message":"Task deleted: 10 by user: 3","timestamp":"2025-02-20T08:14:00.917Z"}
{"level":"info","message":"New USER registered: 1","timestamp":"2025-02-20T08:28:47.630Z"}
{"level":"info","message":"Notification sent successfully to test@example.com","timestamp":"2025-02-20T08:28:47.722Z"}
{"level":"info","message":"User logged in: 2","timestamp":"2025-02-20T08:28:47.776Z"}
{"level":"info","message":"New USER registered: 1","timestamp":"2025-02-20T08:28:48.435Z"}
{"level":"info","message":"User logged in: 2","timestamp":"2025-02-20T08:28:48.577Z"}
{"level":"info","message":"Task 2 status updated from PENDING to IN_PROGRESS by user 1","timestamp":"2025-02-20T08:28:53.825Z"}
{"level":"info","message":"Task 4 status updated from PENDING to COMPLETED by user 2","timestamp":"2025-02-20T08:28:58.839Z"}
{"level":"info","message":"New USER registered: 1","timestamp":"2025-02-20T08:47:39.792Z"}
{"level":"info","message":"Notification sent successfully to test@example.com","timestamp":"2025-02-20T08:47:39.900Z"}
{"level":"info","message":"User logged in: 2","timestamp":"2025-02-20T08:47:39.934Z"}
{"level":"info","message":"New USER registered: 1","timestamp":"2025-02-20T08:47:40.737Z"}
{"level":"info","message":"New ADMIN registered: 2","timestamp":"2025-02-20T08:47:40.816Z"}
{"level":"info","message":"User logged in: 1","timestamp":"2025-02-20T08:47:40.876Z"}
{"level":"info","message":"New USER registered: 1","timestamp":"2025-02-20T08:49:37.055Z"}
{"level":"info","message":"New ADMIN registered: 2","timestamp":"2025-02-20T08:49:37.133Z"}
{"level":"info","message":"User logged in: 1","timestamp":"2025-02-20T08:49:37.203Z"}
{"level":"info","message":"Notification sent successfully to test@example.com","timestamp":"2025-02-20T08:49:37.524Z"}
{"level":"info","message":"New USER registered: 1","timestamp":"2025-02-20T08:49:38.141Z"}
{"level":"info","message":"New ADMIN registered: 2","timestamp":"2025-02-20T08:49:38.207Z"}
{"level":"info","message":"User logged in: 1","timestamp":"2025-02-20T08:49:38.266Z"}
{"level":"info","message":"New USER registered: 1","timestamp":"2025-02-20T11:28:21.361Z"}
{"level":"info","message":"Notification sent successfully to test@example.com","timestamp":"2025-02-20T11:28:21.322Z"}
{"level":"info","message":"User logged in: 2","timestamp":"2025-02-20T11:28:21.503Z"}
{"level":"info","message":"New USER registered: 1","timestamp":"2025-02-20T11:28:22.433Z"}
{"level":"info","message":"User logged in: 2","timestamp":"2025-02-20T11:28:22.561Z"}
{"level":"info","message":"Notification sent successfully to test@example.com","timestamp":"2025-02-20T11:28:23.433Z"}
{"level":"info","message":"Notification sent successfully to test@example.com","timestamp":"2025-02-20T11:30:15.929Z"}
{"level":"info","message":"New USER registered: 1","timestamp":"2025-02-20T11:30:16.389Z"}
{"level":"info","message":"User logged in: 2","timestamp":"2025-02-20T11:30:16.517Z"}
{"level":"info","message":"Notification sent successfully to test@example.com","timestamp":"2025-02-20T11:30:18.429Z"}
{"level":"info","message":"New USER registered: 1","timestamp":"2025-02-20T11:35:46.201Z"}
{"level":"info","message":"Notification sent successfully to test@example.com","timestamp":"2025-02-20T11:35:46.260Z"}
{"level":"info","message":"User logged in: 2","timestamp":"2025-02-20T11:35:46.353Z"}
{"level":"info","message":"New USER registered: 1","timestamp":"2025-02-20T11:35:47.196Z"}
{"level":"info","message":"User logged in: 2","timestamp":"2025-02-20T11:35:47.337Z"}
{"level":"info","message":"Notification sent successfully to test@example.com","timestamp":"2025-02-20T11:35:48.063Z"}
{"level":"info","message":"New USER registered: 1","timestamp":"2025-02-20T11:52:48.942Z"}
{"level":"info","message":"Notification sent successfully to test@example.com","timestamp":"2025-02-20T11:52:48.919Z"}
{"level":"info","message":"User logged in: 2","timestamp":"2025-02-20T11:52:49.089Z"}
{"level":"info","message":"New USER registered: 1","timestamp":"2025-02-20T11:52:49.597Z"}
{"level":"info","message":"User logged in: 2","timestamp":"2025-02-20T11:52:49.742Z"}
{"level":"info","message":"Notification sent successfully to test@example.com","timestamp":"2025-02-20T11:52:51.547Z"}
{"level":"info","message":"Task 2 status updated from PENDING to IN_PROGRESS by user 1","timestamp":"2025-02-20T11:52:54.998Z"}
{"level":"info","message":"Task 4 status updated from PENDING to COMPLETED by user 2","timestamp":"2025-02-20T11:53:00.011Z"}
{"level":"info","message":"Notification sent successfully to test@example.com","timestamp":"2025-02-20T11:55:32.058Z"}
{"level":"info","message":"Notification sent successfully to assignee@example.com","timestamp":"2025-02-20T11:55:35.287Z"}
{"level":"info","message":"New task created: 1 by user: 1","timestamp":"2025-02-20T11:55:35.291Z"}
{"level":"info","message":"Task 2 status updated from PENDING to IN_PROGRESS by user 1","timestamp":"2025-02-20T11:55:35.332Z"}
{"level":"info","message":"Task 3 status updated from PENDING to IN_PROGRESS by user 1","timestamp":"2025-02-20T11:55:37.856Z"}
{"level":"info","message":"Notification sent successfully to assignee@example.com","timestamp":"2025-02-20T11:55:38.743Z"}
{"level":"info","message":"Task 5 status updated from PENDING to COMPLETED by user 2","timestamp":"2025-02-20T11:55:38.767Z"}
{"level":"info","message":"Notification sent successfully to assignee@example.com","timestamp":"2025-02-20T11:55:41.803Z"}
{"level":"info","message":"Notification sent successfully to assignee@example.com","timestamp":"2025-02-20T11:55:42.161Z"}
{"level":"info","message":"Task 13 status updated from PENDING to COMPLETED by user 2","timestamp":"2025-02-20T11:55:42.179Z"}
{"level":"info","message":"Notification sent successfully to assignee@example.com","timestamp":"2025-02-20T11:55:45.317Z"}
{"level":"info","message":"Notification sent successfully to test@example.com","timestamp":"2025-02-20T11:55:52.061Z"}
{"level":"info","message":"New USER registered: 1","timestamp":"2025-02-20T11:55:52.720Z"}
{"level":"info","message":"User logged in: 2","timestamp":"2025-02-20T11:55:52.856Z"}
{"level":"info","message":"Notification sent successfully to test@example.com","timestamp":"2025-02-20T11:55:54.929Z"}
{"level":"info","message":"Notification sent successfully to assignee@example.com","timestamp":"2025-02-20T11:55:55.966Z"}
{"level":"info","message":"New task created: 1 by user: 1","timestamp":"2025-02-20T11:55:55.970Z"}
{"level":"info","message":"Notification sent successfully to test@example.com","timestamp":"2025-02-20T11:56:05.049Z"}
{"level":"info","message":"New USER registered: 1","timestamp":"2025-02-20T11:56:05.769Z"}
{"level":"info","message":"User logged in: 2","timestamp":"2025-02-20T11:56:05.900Z"}
